TN:
SF:src\router.ts
FN:20,(anonymous_1)
FN:33,(anonymous_2)
FNF:2
FNH:2
FNDA:4,(anonymous_1)
FNDA:5,(anonymous_2)
DA:1,2
DA:2,2
DA:3,2
DA:4,2
DA:5,2
DA:8,2
DA:9,2
DA:14,2
DA:20,4
DA:25,2
DA:33,5
DA:39,2
DA:45,2
DA:51,2
LF:14
LH:14
BRF:0
BRH:0
end_of_record
TN:
SF:src\server.ts
FN:7,connectDB
FN:27,(anonymous_2)
FNF:2
FNH:1
FNDA:3,connectDB
FNDA:0,(anonymous_2)
DA:1,2
DA:2,2
DA:3,2
DA:4,2
DA:7,2
DA:8,3
DA:9,3
DA:10,2
DA:14,1
DA:17,2
DA:20,2
DA:23,2
DA:25,2
DA:27,2
DA:28,0
DA:31,2
LF:16
LH:15
BRF:0
BRH:0
end_of_record
TN:
SF:src\config\db.ts
FNF:0
FNH:0
DA:1,2
DA:2,2
DA:3,2
DA:5,2
DA:10,2
LF:5
LH:5
BRF:0
BRH:0
end_of_record
TN:
SF:src\handlers\product.ts
FN:5,(anonymous_1)
FN:11,(anonymous_2)
FN:22,(anonymous_3)
FN:34,(anonymous_4)
FN:50,(anonymous_5)
FN:71,(anonymous_6)
FNF:6
FNH:6
FNDA:1,(anonymous_1)
FNDA:2,(anonymous_2)
FNDA:2,(anonymous_3)
FNDA:2,(anonymous_4)
FNDA:3,(anonymous_5)
FNDA:2,(anonymous_6)
DA:2,2
DA:5,2
DA:7,1
DA:8,1
DA:11,2
DA:12,2
DA:19,2
DA:22,2
DA:23,2
DA:24,2
DA:25,2
DA:26,1
DA:29,1
DA:31,1
DA:34,2
DA:35,2
DA:36,2
DA:37,2
DA:38,1
DA:41,1
DA:45,1
DA:46,1
DA:47,1
DA:50,2
DA:51,3
DA:52,3
DA:53,3
DA:54,3
DA:55,2
DA:58,2
DA:62,1
DA:63,1
DA:64,1
DA:67,0
DA:71,2
DA:72,2
DA:73,2
DA:74,2
DA:75,2
DA:76,1
DA:79,1
DA:81,1
DA:82,1
DA:84,0
LF:44
LH:42
BRDA:25,0,0,1
BRDA:37,1,0,1
BRDA:54,2,0,2
BRDA:75,3,0,1
BRF:4
BRH:4
end_of_record
TN:
SF:src\middleware\index.ts
FN:4,(anonymous_0)
FNF:1
FNH:1
FNDA:18,(anonymous_0)
DA:2,2
DA:4,2
DA:6,18
DA:7,18
DA:8,8
DA:9,8
DA:12,10
LF:7
LH:7
BRDA:7,0,0,8
BRF:1
BRH:1
end_of_record
TN:
SF:src\models\Product.model.ts
FNF:0
FNH:0
DA:2,3
DA:8,3
DA:12,3
DA:17,3
DA:22,3
DA:25,3
LF:6
LH:6
BRF:0
BRH:0
end_of_record
